2023-03-25 20:45:29.714 [main] INFO  pl.dmuszynski.oxmmapper.XmlConverter - Create converter for class: class pl.dmuszynski.oxmmapper.samples.Delivery
2023-03-25 20:45:29.741 [main] INFO  pl.dmuszynski.oxmmapper.serializer.XmlSerializer - Create serializer for class: class pl.dmuszynski.oxmmapper.samples.Delivery
2023-03-25 20:45:29.756 [main] DEBUG pl.dmuszynski.oxmmapper.context.ElementContext - Load context for class: class pl.dmuszynski.oxmmapper.samples.Delivery
2023-03-25 20:45:29.800 [main] DEBUG pl.dmuszynski.oxmmapper.context.ElementContext - Load context for class: class pl.dmuszynski.oxmmapper.samples.Courier
2023-03-25 20:45:29.803 [main] DEBUG pl.dmuszynski.oxmmapper.context.ElementContext - Load context for class: class pl.dmuszynski.oxmmapper.samples.Address
2023-03-25 20:45:29.807 [main] DEBUG pl.dmuszynski.oxmmapper.context.ElementContext - Load context for class: class pl.dmuszynski.oxmmapper.samples.Vehicle
2023-03-25 20:45:29.808 [main] DEBUG pl.dmuszynski.oxmmapper.context.ElementContext - Load context for class: class pl.dmuszynski.oxmmapper.samples.Address
2023-03-25 20:45:29.810 [main] DEBUG pl.dmuszynski.oxmmapper.context.ElementContext - Load context for class: class pl.dmuszynski.oxmmapper.samples.Shipping
2023-03-25 20:45:29.840 [main] DEBUG pl.dmuszynski.oxmmapper.serializer.XmlSerializer - Serialize object: Delivery(shippingList=[Shipping(number=121CA1, shippingType=Packet, wrappingType=Packet), Shipping(number=12313, shippingType=Packet, wrappingType=Packet)], receiverAddress=Address(houseNumber=11, streetAddress=Główna, city=Wrocław, zipCode=12-100), senderAddress=Address(houseNumber=13, streetAddress=Nowa, city=Warszawa, zipCode=00-010), courier=Courier(super=Person(address=Address(houseNumber=9, streetAddress=Warszawska, city=Kielce, zipCode=11-300), name=Jan, surname=Kowalski, phone=733254732, dateOfBirth=1954-08-14), vehicle=Vehicle(model=A4, brand=Audi, licenseNumber=123TJE)), shipmentTime=2023-03-25T01:00, deliveryTime=2023-03-25T20:45:29.705169600) to: C:\Users\dmusz\OneDrive\Pulpit
2023-03-25 20:45:29.842 [main] DEBUG pl.dmuszynski.oxmmapper.serializer.XmlSerializer - Generate xml element for object: Delivery(shippingList=[Shipping(number=121CA1, shippingType=Packet, wrappingType=Packet), Shipping(number=12313, shippingType=Packet, wrappingType=Packet)], receiverAddress=Address(houseNumber=11, streetAddress=Główna, city=Wrocław, zipCode=12-100), senderAddress=Address(houseNumber=13, streetAddress=Nowa, city=Warszawa, zipCode=00-010), courier=Courier(super=Person(address=Address(houseNumber=9, streetAddress=Warszawska, city=Kielce, zipCode=11-300), name=Jan, surname=Kowalski, phone=733254732, dateOfBirth=1954-08-14), vehicle=Vehicle(model=A4, brand=Audi, licenseNumber=123TJE)), shipmentTime=2023-03-25T01:00, deliveryTime=2023-03-25T20:45:29.705169600)
2023-03-25 20:45:29.867 [main] DEBUG pl.dmuszynski.oxmmapper.serializer.XmlSerializer - Generate xml element for object: Courier(super=Person(address=Address(houseNumber=9, streetAddress=Warszawska, city=Kielce, zipCode=11-300), name=Jan, surname=Kowalski, phone=733254732, dateOfBirth=1954-08-14), vehicle=Vehicle(model=A4, brand=Audi, licenseNumber=123TJE))
2023-03-25 20:45:29.890 [main] DEBUG pl.dmuszynski.oxmmapper.serializer.XmlSerializer - Generate xml element for object: Address(houseNumber=9, streetAddress=Warszawska, city=Kielce, zipCode=11-300)
2023-03-25 20:45:29.893 [main] DEBUG pl.dmuszynski.oxmmapper.serializer.XmlSerializer - Generate xml element for object: Vehicle(model=A4, brand=Audi, licenseNumber=123TJE)
2023-03-25 20:45:29.894 [main] DEBUG pl.dmuszynski.oxmmapper.serializer.XmlSerializer - Generate xml element for object: Address(houseNumber=13, streetAddress=Nowa, city=Warszawa, zipCode=00-010)
2023-03-25 20:45:29.896 [main] DEBUG pl.dmuszynski.oxmmapper.serializer.XmlSerializer - Generate xml element for object: Address(houseNumber=11, streetAddress=Główna, city=Wrocław, zipCode=12-100)
2023-03-25 20:45:29.900 [main] DEBUG pl.dmuszynski.oxmmapper.serializer.XmlSerializer - Generate xml element for object: Shipping(number=121CA1, shippingType=Packet, wrappingType=Packet)
2023-03-25 20:45:29.902 [main] DEBUG pl.dmuszynski.oxmmapper.serializer.XmlSerializer - Generate xml element for object: Shipping(number=12313, shippingType=Packet, wrappingType=Packet)
2023-03-25 20:45:29.903 [main] DEBUG pl.dmuszynski.oxmmapper.serializer.XmlSerializer - Write xml element: <?xml version="1.0" encoding="UTF-8"?><Delivery><Courier name="Jan" surname="Kowalski" phone="733254732" dateOfBirth="14 Aug 1954"><Address zipCode="11-300" city="Kielce" streetAddress="Warszawska"><houseNumber>9</houseNumber></Address><Vehicle licenseNumber="123TJE" brand="Audi" model="A4"/></Courier><Address zipCode="00-010" city="Warszawa" streetAddress="Nowa"><houseNumber>13</houseNumber></Address><Address zipCode="12-100" city="Wrocław" streetAddress="Główna"><houseNumber>11</houseNumber></Address><Shipping wrappingType="Packet" shippingType="Packet" number="121CA1"/><Shipping wrappingType="Packet" shippingType="Packet" number="12313"/></Delivery> to file
2023-03-25 20:57:59.144 [main] INFO  pl.dmuszynski.oxmmapper.XmlConverter - Create converter for class: class pl.dmuszynski.oxmmapper.samples.Delivery
2023-03-25 20:57:59.161 [main] INFO  pl.dmuszynski.oxmmapper.serializer.XmlSerializer - Create serializer for class: class pl.dmuszynski.oxmmapper.samples.Delivery
2023-03-25 20:57:59.180 [main] DEBUG pl.dmuszynski.oxmmapper.context.ElementContext - Load context for class: class pl.dmuszynski.oxmmapper.samples.Delivery
2023-03-25 20:57:59.222 [main] DEBUG pl.dmuszynski.oxmmapper.context.ElementContext - Load context for class: class pl.dmuszynski.oxmmapper.samples.Courier
2023-03-25 20:57:59.227 [main] DEBUG pl.dmuszynski.oxmmapper.context.ElementContext - Load context for class: class pl.dmuszynski.oxmmapper.samples.Address
2023-03-25 20:57:59.231 [main] DEBUG pl.dmuszynski.oxmmapper.context.ElementContext - Load context for class: class pl.dmuszynski.oxmmapper.samples.Vehicle
2023-03-25 20:57:59.233 [main] DEBUG pl.dmuszynski.oxmmapper.context.ElementContext - Load context for class: class pl.dmuszynski.oxmmapper.samples.Address
2023-03-25 20:57:59.234 [main] DEBUG pl.dmuszynski.oxmmapper.context.ElementContext - Load context for class: class pl.dmuszynski.oxmmapper.samples.Shipping
2023-03-25 20:57:59.265 [main] DEBUG pl.dmuszynski.oxmmapper.serializer.XmlSerializer - Serialize object: Delivery(shippingList=[Shipping(number=121CA1, shippingType=Packet, wrappingType=Packet), Shipping(number=12313, shippingType=Packet, wrappingType=Packet)], receiverAddress=Address(houseNumber=11, streetAddress=Główna, city=Wrocław, zipCode=12-100), senderAddress=Address(houseNumber=13, streetAddress=Nowa, city=Warszawa, zipCode=00-010), courier=Courier(super=Person(address=Address(houseNumber=9, streetAddress=Warszawska, city=Kielce, zipCode=11-300), name=Jan, surname=Kowalski, phone=733254732, dateOfBirth=1954-08-14), vehicle=Vehicle(model=A4, brand=Audi, licenseNumber=123TJE)), shipmentTime=2023-03-25T01:00, deliveryTime=2023-03-25T20:57:59.136803) to: C:\Users\dmusz\OneDrive\Pulpit
2023-03-25 20:57:59.266 [main] DEBUG pl.dmuszynski.oxmmapper.serializer.XmlSerializer - Generate xml element for object: Delivery(shippingList=[Shipping(number=121CA1, shippingType=Packet, wrappingType=Packet), Shipping(number=12313, shippingType=Packet, wrappingType=Packet)], receiverAddress=Address(houseNumber=11, streetAddress=Główna, city=Wrocław, zipCode=12-100), senderAddress=Address(houseNumber=13, streetAddress=Nowa, city=Warszawa, zipCode=00-010), courier=Courier(super=Person(address=Address(houseNumber=9, streetAddress=Warszawska, city=Kielce, zipCode=11-300), name=Jan, surname=Kowalski, phone=733254732, dateOfBirth=1954-08-14), vehicle=Vehicle(model=A4, brand=Audi, licenseNumber=123TJE)), shipmentTime=2023-03-25T01:00, deliveryTime=2023-03-25T20:57:59.136803)
2023-03-25 20:57:59.296 [main] DEBUG pl.dmuszynski.oxmmapper.serializer.XmlSerializer - Generate xml element for object: Courier(super=Person(address=Address(houseNumber=9, streetAddress=Warszawska, city=Kielce, zipCode=11-300), name=Jan, surname=Kowalski, phone=733254732, dateOfBirth=1954-08-14), vehicle=Vehicle(model=A4, brand=Audi, licenseNumber=123TJE))
2023-03-25 20:57:59.322 [main] DEBUG pl.dmuszynski.oxmmapper.serializer.XmlSerializer - Generate xml element for object: Address(houseNumber=9, streetAddress=Warszawska, city=Kielce, zipCode=11-300)
2023-03-25 20:57:59.324 [main] DEBUG pl.dmuszynski.oxmmapper.serializer.XmlSerializer - Generate xml element for object: Vehicle(model=A4, brand=Audi, licenseNumber=123TJE)
2023-03-25 20:57:59.326 [main] DEBUG pl.dmuszynski.oxmmapper.serializer.XmlSerializer - Generate xml element for object: Address(houseNumber=13, streetAddress=Nowa, city=Warszawa, zipCode=00-010)
2023-03-25 20:57:59.327 [main] DEBUG pl.dmuszynski.oxmmapper.serializer.XmlSerializer - Generate xml element for object: Address(houseNumber=11, streetAddress=Główna, city=Wrocław, zipCode=12-100)
2023-03-25 20:57:59.330 [main] DEBUG pl.dmuszynski.oxmmapper.serializer.XmlSerializer - Generate xml element for object: Shipping(number=121CA1, shippingType=Packet, wrappingType=Packet)
2023-03-25 20:57:59.332 [main] DEBUG pl.dmuszynski.oxmmapper.serializer.XmlSerializer - Generate xml element for object: Shipping(number=12313, shippingType=Packet, wrappingType=Packet)
2023-03-25 20:57:59.334 [main] DEBUG pl.dmuszynski.oxmmapper.serializer.XmlSerializer - Write xml element: <?xml version="1.0" encoding="UTF-8"?><Delivery><Courier name="Jan" surname="Kowalski" phone="733254732" dateOfBirth="14 Aug 1954"><Address zipCode="11-300" city="Kielce" streetAddress="Warszawska"><houseNumber>9</houseNumber></Address><Vehicle licenseNumber="123TJE" brand="Audi" model="A4"/></Courier><Address zipCode="00-010" city="Warszawa" streetAddress="Nowa"><houseNumber>13</houseNumber></Address><Address zipCode="12-100" city="Wrocław" streetAddress="Główna"><houseNumber>11</houseNumber></Address><Shipping wrappingType="Packet" shippingType="Packet" number="121CA1"/><Shipping wrappingType="Packet" shippingType="Packet" number="12313"/></Delivery> to file
2023-03-25 21:08:11.009 [main] INFO  pl.dmuszynski.oxmmapper.XmlConverter - Create converter for class: class pl.dmuszynski.oxmmapper.samples.Delivery
2023-03-25 21:08:11.045 [main] INFO  pl.dmuszynski.oxmmapper.serializer.XmlSerializer - Create serializer for class: class pl.dmuszynski.oxmmapper.samples.Delivery
2023-03-25 21:08:11.060 [main] DEBUG pl.dmuszynski.oxmmapper.context.ElementContext - Load context for class: class pl.dmuszynski.oxmmapper.samples.Delivery
2023-03-25 21:08:11.100 [main] DEBUG pl.dmuszynski.oxmmapper.context.ElementContext - Load context for class: class pl.dmuszynski.oxmmapper.samples.Courier
2023-03-25 21:08:11.104 [main] DEBUG pl.dmuszynski.oxmmapper.context.ElementContext - Load context for class: class pl.dmuszynski.oxmmapper.samples.Address
2023-03-25 21:08:11.129 [main] DEBUG pl.dmuszynski.oxmmapper.context.ElementContext - Load context for class: class pl.dmuszynski.oxmmapper.samples.Vehicle
2023-03-25 21:08:11.131 [main] DEBUG pl.dmuszynski.oxmmapper.context.ElementContext - Load context for class: class pl.dmuszynski.oxmmapper.samples.Address
2023-03-25 21:08:11.133 [main] DEBUG pl.dmuszynski.oxmmapper.context.ElementContext - Load context for class: class pl.dmuszynski.oxmmapper.samples.Shipping
2023-03-25 21:08:11.170 [main] DEBUG pl.dmuszynski.oxmmapper.serializer.XmlSerializer - Serialize object: Delivery(shippingList=[Shipping(number=121CA1, shippingType=Packet, wrappingType=Packet), Shipping(number=12313, shippingType=Packet, wrappingType=Packet)], receiverAddress=Address(houseNumber=11, streetAddress=Główna, city=Wrocław, zipCode=12-100), senderAddress=Address(houseNumber=13, streetAddress=Nowa, city=Warszawa, zipCode=00-010), courier=Courier(super=Person(address=Address(houseNumber=9, streetAddress=Warszawska, city=Kielce, zipCode=11-300), name=Jan, surname=Kowalski, phone=733254732, dateOfBirth=1954-08-14), vehicle=Vehicle(model=A4, brand=Audi, licenseNumber=123TJE)), shipmentTime=2023-03-25T01:00, deliveryTime=2023-03-25T21:08:11.003422800) to: C:\Users\dmusz\OneDrive\Pulpit
2023-03-25 21:08:11.171 [main] DEBUG pl.dmuszynski.oxmmapper.serializer.XmlSerializer - Generate xml element for object: Delivery(shippingList=[Shipping(number=121CA1, shippingType=Packet, wrappingType=Packet), Shipping(number=12313, shippingType=Packet, wrappingType=Packet)], receiverAddress=Address(houseNumber=11, streetAddress=Główna, city=Wrocław, zipCode=12-100), senderAddress=Address(houseNumber=13, streetAddress=Nowa, city=Warszawa, zipCode=00-010), courier=Courier(super=Person(address=Address(houseNumber=9, streetAddress=Warszawska, city=Kielce, zipCode=11-300), name=Jan, surname=Kowalski, phone=733254732, dateOfBirth=1954-08-14), vehicle=Vehicle(model=A4, brand=Audi, licenseNumber=123TJE)), shipmentTime=2023-03-25T01:00, deliveryTime=2023-03-25T21:08:11.003422800)
2023-03-25 21:08:11.199 [main] DEBUG pl.dmuszynski.oxmmapper.serializer.XmlSerializer - Generate xml element for object: Courier(super=Person(address=Address(houseNumber=9, streetAddress=Warszawska, city=Kielce, zipCode=11-300), name=Jan, surname=Kowalski, phone=733254732, dateOfBirth=1954-08-14), vehicle=Vehicle(model=A4, brand=Audi, licenseNumber=123TJE))
2023-03-25 21:08:11.222 [main] DEBUG pl.dmuszynski.oxmmapper.serializer.XmlSerializer - Generate xml element for object: Address(houseNumber=9, streetAddress=Warszawska, city=Kielce, zipCode=11-300)
2023-03-25 21:08:11.224 [main] DEBUG pl.dmuszynski.oxmmapper.serializer.XmlSerializer - Generate xml element for object: Vehicle(model=A4, brand=Audi, licenseNumber=123TJE)
2023-03-25 21:08:11.226 [main] DEBUG pl.dmuszynski.oxmmapper.serializer.XmlSerializer - Generate xml element for object: Address(houseNumber=13, streetAddress=Nowa, city=Warszawa, zipCode=00-010)
2023-03-25 21:08:11.228 [main] DEBUG pl.dmuszynski.oxmmapper.serializer.XmlSerializer - Generate xml element for object: Address(houseNumber=11, streetAddress=Główna, city=Wrocław, zipCode=12-100)
2023-03-25 21:08:11.233 [main] DEBUG pl.dmuszynski.oxmmapper.serializer.XmlSerializer - Generate xml element for object: Shipping(number=121CA1, shippingType=Packet, wrappingType=Packet)
2023-03-25 21:08:11.235 [main] DEBUG pl.dmuszynski.oxmmapper.serializer.XmlSerializer - Generate xml element for object: Shipping(number=12313, shippingType=Packet, wrappingType=Packet)
2023-03-25 21:08:11.237 [main] DEBUG pl.dmuszynski.oxmmapper.serializer.XmlSerializer - Write xml element: <?xml version="1.0" encoding="UTF-8"?><Delivery><Courier name="Jan" surname="Kowalski" phone="733254732" dateOfBirth="14 Aug 1954"><Address zipCode="11-300" city="Kielce" streetAddress="Warszawska"><houseNumber>9</houseNumber></Address><Vehicle licenseNumber="123TJE" brand="Audi" model="A4"/></Courier><Address zipCode="00-010" city="Warszawa" streetAddress="Nowa"><houseNumber>13</houseNumber></Address><Address zipCode="12-100" city="Wrocław" streetAddress="Główna"><houseNumber>11</houseNumber></Address><Shipping wrappingType="Packet" shippingType="Packet" number="121CA1"/><Shipping wrappingType="Packet" shippingType="Packet" number="12313"/></Delivery> to file
2023-03-25 21:14:20.621 [main] INFO  pl.dmuszynski.oxmmapper.XmlConverter - Create converter for class: class pl.dmuszynski.oxmmapper.samples.Delivery
2023-03-25 21:14:20.634 [main] INFO  pl.dmuszynski.oxmmapper.serializer.XmlSerializer - Create serializer for class: class pl.dmuszynski.oxmmapper.samples.Delivery
2023-03-25 21:14:20.653 [main] DEBUG pl.dmuszynski.oxmmapper.context.ElementContext - Load context for class: class pl.dmuszynski.oxmmapper.samples.Delivery
2023-03-25 21:14:20.697 [main] DEBUG pl.dmuszynski.oxmmapper.context.ElementContext - Load context for class: class pl.dmuszynski.oxmmapper.samples.Courier
2023-03-25 21:14:20.702 [main] DEBUG pl.dmuszynski.oxmmapper.context.ElementContext - Load context for class: class pl.dmuszynski.oxmmapper.samples.Address
2023-03-25 21:14:20.727 [main] DEBUG pl.dmuszynski.oxmmapper.context.ElementContext - Load context for class: class pl.dmuszynski.oxmmapper.samples.Vehicle
2023-03-25 21:14:20.729 [main] DEBUG pl.dmuszynski.oxmmapper.context.ElementContext - Load context for class: class pl.dmuszynski.oxmmapper.samples.Address
2023-03-25 21:14:20.731 [main] DEBUG pl.dmuszynski.oxmmapper.context.ElementContext - Load context for class: class pl.dmuszynski.oxmmapper.samples.Shipping
2023-03-25 21:14:20.763 [main] DEBUG pl.dmuszynski.oxmmapper.serializer.XmlSerializer - Serialize object: Delivery(shippingList=[Shipping(number=121CA1, shippingType=Packet, wrappingType=Packet), Shipping(number=12313, shippingType=Packet, wrappingType=Packet)], receiverAddress=Address(houseNumber=11, streetAddress=Główna, city=Wrocław, zipCode=12-100), senderAddress=Address(houseNumber=13, streetAddress=Nowa, city=Warszawa, zipCode=00-010), courier=Courier(super=Person(address=Address(houseNumber=9, streetAddress=Warszawska, city=Kielce, zipCode=11-300), name=Jan, surname=Kowalski, phone=733254732, dateOfBirth=1954-08-14), vehicle=Vehicle(model=A4, brand=Audi, licenseNumber=123TJE)), shipmentTime=2023-03-25T01:00, deliveryTime=2023-03-25T21:14:20.615262500) to: C:\Users\dmusz\OneDrive\Pulpit
2023-03-25 21:14:20.764 [main] DEBUG pl.dmuszynski.oxmmapper.serializer.XmlSerializer - Generate xml element for object: Delivery(shippingList=[Shipping(number=121CA1, shippingType=Packet, wrappingType=Packet), Shipping(number=12313, shippingType=Packet, wrappingType=Packet)], receiverAddress=Address(houseNumber=11, streetAddress=Główna, city=Wrocław, zipCode=12-100), senderAddress=Address(houseNumber=13, streetAddress=Nowa, city=Warszawa, zipCode=00-010), courier=Courier(super=Person(address=Address(houseNumber=9, streetAddress=Warszawska, city=Kielce, zipCode=11-300), name=Jan, surname=Kowalski, phone=733254732, dateOfBirth=1954-08-14), vehicle=Vehicle(model=A4, brand=Audi, licenseNumber=123TJE)), shipmentTime=2023-03-25T01:00, deliveryTime=2023-03-25T21:14:20.615262500)
2023-03-25 21:14:20.791 [main] DEBUG pl.dmuszynski.oxmmapper.serializer.XmlSerializer - Generate xml element for object: Courier(super=Person(address=Address(houseNumber=9, streetAddress=Warszawska, city=Kielce, zipCode=11-300), name=Jan, surname=Kowalski, phone=733254732, dateOfBirth=1954-08-14), vehicle=Vehicle(model=A4, brand=Audi, licenseNumber=123TJE))
2023-03-25 21:14:20.818 [main] DEBUG pl.dmuszynski.oxmmapper.serializer.XmlSerializer - Generate xml element for object: Address(houseNumber=9, streetAddress=Warszawska, city=Kielce, zipCode=11-300)
2023-03-25 21:14:20.820 [main] DEBUG pl.dmuszynski.oxmmapper.serializer.XmlSerializer - Generate xml element for object: Vehicle(model=A4, brand=Audi, licenseNumber=123TJE)
2023-03-25 21:14:20.821 [main] DEBUG pl.dmuszynski.oxmmapper.serializer.XmlSerializer - Generate xml element for object: Address(houseNumber=13, streetAddress=Nowa, city=Warszawa, zipCode=00-010)
2023-03-25 21:14:20.823 [main] DEBUG pl.dmuszynski.oxmmapper.serializer.XmlSerializer - Generate xml element for object: Address(houseNumber=11, streetAddress=Główna, city=Wrocław, zipCode=12-100)
2023-03-25 21:14:20.828 [main] DEBUG pl.dmuszynski.oxmmapper.serializer.XmlSerializer - Generate xml element for object: Shipping(number=12313, shippingType=Packet, wrappingType=Packet)
2023-03-25 21:14:20.829 [main] DEBUG pl.dmuszynski.oxmmapper.serializer.XmlSerializer - Generate xml element for object: Shipping(number=121CA1, shippingType=Packet, wrappingType=Packet)
2023-03-25 21:14:20.831 [main] DEBUG pl.dmuszynski.oxmmapper.serializer.XmlSerializer - Write xml element: <?xml version="1.0" encoding="UTF-8"?><Delivery><Courier name="Jan" surname="Kowalski" phone="733254732" dateOfBirth="14 Aug 1954"><Address zipCode="11-300" city="Kielce" streetAddress="Warszawska"><houseNumber>9</houseNumber></Address><Vehicle licenseNumber="123TJE" brand="Audi" model="A4"/></Courier><Address zipCode="00-010" city="Warszawa" streetAddress="Nowa"><houseNumber>13</houseNumber></Address><Address zipCode="12-100" city="Wrocław" streetAddress="Główna"><houseNumber>11</houseNumber></Address><Shipping wrappingType="Packet" shippingType="Packet" number="12313"/><Shipping wrappingType="Packet" shippingType="Packet" number="121CA1"/></Delivery> to file
2023-03-25 21:21:38.859 [main] INFO  pl.dmuszynski.oxmmapper.XmlConverter - Create converter for class: class pl.dmuszynski.oxmmapper.samples.Delivery
2023-03-25 21:21:38.895 [main] INFO  pl.dmuszynski.oxmmapper.serializer.XmlSerializer - Create serializer for class: class pl.dmuszynski.oxmmapper.samples.Delivery
2023-03-25 21:21:38.919 [main] DEBUG pl.dmuszynski.oxmmapper.context.ElementContext - Load context for class: class pl.dmuszynski.oxmmapper.samples.Delivery
2023-03-25 21:21:38.958 [main] DEBUG pl.dmuszynski.oxmmapper.context.ElementContext - Load context for class: class pl.dmuszynski.oxmmapper.samples.Courier
2023-03-25 21:21:38.961 [main] DEBUG pl.dmuszynski.oxmmapper.context.ElementContext - Load context for class: class pl.dmuszynski.oxmmapper.samples.Address
2023-03-25 21:21:38.987 [main] DEBUG pl.dmuszynski.oxmmapper.context.ElementContext - Load context for class: class pl.dmuszynski.oxmmapper.samples.Vehicle
2023-03-25 21:21:38.989 [main] DEBUG pl.dmuszynski.oxmmapper.context.ElementContext - Load context for class: class pl.dmuszynski.oxmmapper.samples.Address
2023-03-25 21:21:38.990 [main] DEBUG pl.dmuszynski.oxmmapper.context.ElementContext - Load context for class: class pl.dmuszynski.oxmmapper.samples.Shipping
2023-03-25 21:21:39.028 [main] DEBUG pl.dmuszynski.oxmmapper.serializer.XmlSerializer - Serialize object: Delivery(shippingList=[Shipping(number=121CA1, shippingType=Packet, wrappingType=Packet), Shipping(number=12313, shippingType=Packet, wrappingType=Packet)], receiverAddress=Address(houseNumber=11, streetAddress=Główna, city=Wrocław, zipCode=12-100), senderAddress=Address(houseNumber=13, streetAddress=Nowa, city=Warszawa, zipCode=00-010), courier=Courier(super=Person(address=Address(houseNumber=9, streetAddress=Warszawska, city=Kielce, zipCode=11-300), name=Jan, surname=Kowalski, phone=733254732, dateOfBirth=1954-08-14), vehicle=Vehicle(model=A4, brand=Audi, licenseNumber=123TJE)), shipmentTime=2023-03-25T01:00, deliveryTime=2023-03-25T21:21:38.853987) to: C:\Users\dmusz\OneDrive\Pulpit
2023-03-25 21:21:39.029 [main] DEBUG pl.dmuszynski.oxmmapper.serializer.XmlSerializer - Generate xml element for object: Delivery(shippingList=[Shipping(number=121CA1, shippingType=Packet, wrappingType=Packet), Shipping(number=12313, shippingType=Packet, wrappingType=Packet)], receiverAddress=Address(houseNumber=11, streetAddress=Główna, city=Wrocław, zipCode=12-100), senderAddress=Address(houseNumber=13, streetAddress=Nowa, city=Warszawa, zipCode=00-010), courier=Courier(super=Person(address=Address(houseNumber=9, streetAddress=Warszawska, city=Kielce, zipCode=11-300), name=Jan, surname=Kowalski, phone=733254732, dateOfBirth=1954-08-14), vehicle=Vehicle(model=A4, brand=Audi, licenseNumber=123TJE)), shipmentTime=2023-03-25T01:00, deliveryTime=2023-03-25T21:21:38.853987)
2023-03-25 21:21:39.055 [main] DEBUG pl.dmuszynski.oxmmapper.serializer.XmlSerializer - Generate xml element for object: Courier(super=Person(address=Address(houseNumber=9, streetAddress=Warszawska, city=Kielce, zipCode=11-300), name=Jan, surname=Kowalski, phone=733254732, dateOfBirth=1954-08-14), vehicle=Vehicle(model=A4, brand=Audi, licenseNumber=123TJE))
2023-03-25 21:21:39.079 [main] DEBUG pl.dmuszynski.oxmmapper.serializer.XmlSerializer - Generate xml element for object: Address(houseNumber=9, streetAddress=Warszawska, city=Kielce, zipCode=11-300)
2023-03-25 21:21:39.082 [main] DEBUG pl.dmuszynski.oxmmapper.serializer.XmlSerializer - Generate xml element for object: Vehicle(model=A4, brand=Audi, licenseNumber=123TJE)
2023-03-25 21:21:39.084 [main] DEBUG pl.dmuszynski.oxmmapper.serializer.XmlSerializer - Generate xml element for object: Address(houseNumber=13, streetAddress=Nowa, city=Warszawa, zipCode=00-010)
2023-03-25 21:21:39.086 [main] DEBUG pl.dmuszynski.oxmmapper.serializer.XmlSerializer - Generate xml element for object: Address(houseNumber=11, streetAddress=Główna, city=Wrocław, zipCode=12-100)
2023-03-25 21:21:39.089 [main] DEBUG pl.dmuszynski.oxmmapper.serializer.XmlSerializer - Generate xml element for object: Shipping(number=12313, shippingType=Packet, wrappingType=Packet)
2023-03-25 21:21:39.091 [main] DEBUG pl.dmuszynski.oxmmapper.serializer.XmlSerializer - Generate xml element for object: Shipping(number=121CA1, shippingType=Packet, wrappingType=Packet)
2023-03-25 21:21:39.093 [main] DEBUG pl.dmuszynski.oxmmapper.serializer.XmlSerializer - Write xml element: <?xml version="1.0" encoding="UTF-8"?><Delivery><Courier name="Jan" surname="Kowalski" phone="733254732" dateOfBirth="14 Aug 1954"><Address zipCode="11-300" city="Kielce" streetAddress="Warszawska"><houseNumber>9</houseNumber></Address><Vehicle licenseNumber="123TJE" brand="Audi" model="A4"/></Courier><Address zipCode="00-010" city="Warszawa" streetAddress="Nowa"><houseNumber>13</houseNumber></Address><Address zipCode="12-100" city="Wrocław" streetAddress="Główna"><houseNumber>11</houseNumber></Address><Shipping wrappingType="Packet" shippingType="Packet" number="12313"/><Shipping wrappingType="Packet" shippingType="Packet" number="121CA1"/></Delivery> to file
2023-03-25 22:53:58.448 [main] INFO  pl.dmuszynski.oxmmapper.XmlConverter - Create converter for class: class pl.dmuszynski.oxmmapper.samples.Delivery
2023-03-25 22:53:58.480 [main] INFO  pl.dmuszynski.oxmmapper.serializer.XmlSerializer - Create serializer for class: class pl.dmuszynski.oxmmapper.samples.Delivery
2023-03-25 22:53:58.480 [main] DEBUG pl.dmuszynski.oxmmapper.context.ElementContext - Load context for class: class pl.dmuszynski.oxmmapper.samples.Delivery
2023-03-25 22:53:58.558 [main] DEBUG pl.dmuszynski.oxmmapper.context.ElementContext - Load context for class: class pl.dmuszynski.oxmmapper.samples.Courier
2023-03-25 22:53:58.558 [main] DEBUG pl.dmuszynski.oxmmapper.context.ElementContext - Load context for class: class pl.dmuszynski.oxmmapper.samples.Address
2023-03-25 22:53:58.558 [main] DEBUG pl.dmuszynski.oxmmapper.context.ElementContext - Load context for class: class pl.dmuszynski.oxmmapper.samples.Vehicle
2023-03-25 22:53:58.558 [main] DEBUG pl.dmuszynski.oxmmapper.context.ElementContext - Load context for class: class pl.dmuszynski.oxmmapper.samples.Address
2023-03-25 22:53:58.558 [main] DEBUG pl.dmuszynski.oxmmapper.context.ElementContext - Load context for class: class pl.dmuszynski.oxmmapper.samples.Shipping
2023-03-25 22:53:58.589 [main] DEBUG pl.dmuszynski.oxmmapper.serializer.XmlSerializer - Serialize object: Delivery(shippingList=[Shipping(number=121CA1, shippingType=Packet, wrappingType=Packet), Shipping(number=12313, shippingType=Packet, wrappingType=Packet)], receiverAddress=Address(houseNumber=11, streetAddress=Główna, city=Wrocław, zipCode=12-100), senderAddress=Address(houseNumber=13, streetAddress=Nowa, city=Warszawa, zipCode=00-010), courier=Courier(super=Person(address=Address(houseNumber=9, streetAddress=Warszawska, city=Kielce, zipCode=11-300), name=Jan, surname=Kowalski, phone=733254732, dateOfBirth=1954-08-14), vehicle=Vehicle(model=A4, brand=Audi, licenseNumber=123TJE)), shipmentTime=2023-03-25T01:00, deliveryTime=2023-03-25T22:53:58.448936100) to: C:\Users\dmusz\OneDrive\Pulpit
2023-03-25 22:53:58.605 [main] DEBUG pl.dmuszynski.oxmmapper.serializer.XmlSerializer - Generate xml element for object: Delivery(shippingList=[Shipping(number=121CA1, shippingType=Packet, wrappingType=Packet), Shipping(number=12313, shippingType=Packet, wrappingType=Packet)], receiverAddress=Address(houseNumber=11, streetAddress=Główna, city=Wrocław, zipCode=12-100), senderAddress=Address(houseNumber=13, streetAddress=Nowa, city=Warszawa, zipCode=00-010), courier=Courier(super=Person(address=Address(houseNumber=9, streetAddress=Warszawska, city=Kielce, zipCode=11-300), name=Jan, surname=Kowalski, phone=733254732, dateOfBirth=1954-08-14), vehicle=Vehicle(model=A4, brand=Audi, licenseNumber=123TJE)), shipmentTime=2023-03-25T01:00, deliveryTime=2023-03-25T22:53:58.448936100)
2023-03-25 22:53:58.620 [main] DEBUG pl.dmuszynski.oxmmapper.serializer.XmlSerializer - Generate xml element for object: Courier(super=Person(address=Address(houseNumber=9, streetAddress=Warszawska, city=Kielce, zipCode=11-300), name=Jan, surname=Kowalski, phone=733254732, dateOfBirth=1954-08-14), vehicle=Vehicle(model=A4, brand=Audi, licenseNumber=123TJE))
2023-03-25 22:53:58.652 [main] DEBUG pl.dmuszynski.oxmmapper.serializer.XmlSerializer - Generate xml element for object: Address(houseNumber=9, streetAddress=Warszawska, city=Kielce, zipCode=11-300)
2023-03-25 22:53:58.652 [main] DEBUG pl.dmuszynski.oxmmapper.serializer.XmlSerializer - Generate xml element for object: Vehicle(model=A4, brand=Audi, licenseNumber=123TJE)
2023-03-25 22:53:58.652 [main] DEBUG pl.dmuszynski.oxmmapper.serializer.XmlSerializer - Generate xml element for object: Address(houseNumber=13, streetAddress=Nowa, city=Warszawa, zipCode=00-010)
2023-03-25 22:53:58.652 [main] DEBUG pl.dmuszynski.oxmmapper.serializer.XmlSerializer - Generate xml element for object: Address(houseNumber=11, streetAddress=Główna, city=Wrocław, zipCode=12-100)
2023-03-25 22:53:58.652 [main] DEBUG pl.dmuszynski.oxmmapper.serializer.XmlSerializer - Generate xml element for object: Shipping(number=12313, shippingType=Packet, wrappingType=Packet)
2023-03-25 22:53:58.652 [main] DEBUG pl.dmuszynski.oxmmapper.serializer.XmlSerializer - Generate xml element for object: Shipping(number=121CA1, shippingType=Packet, wrappingType=Packet)
2023-03-25 22:53:58.652 [main] DEBUG pl.dmuszynski.oxmmapper.serializer.XmlSerializer - Write xml element: <?xml version="1.0" encoding="UTF-8"?><Delivery><Courier name="Jan" surname="Kowalski" phone="733254732" dateOfBirth="14 Aug 1954"><Address zipCode="11-300" city="Kielce" streetAddress="Warszawska"><houseNumber>9</houseNumber></Address><Vehicle licenseNumber="123TJE" brand="Audi" model="A4"/></Courier><Address zipCode="00-010" city="Warszawa" streetAddress="Nowa"><houseNumber>13</houseNumber></Address><Address zipCode="12-100" city="Wrocław" streetAddress="Główna"><houseNumber>11</houseNumber></Address><Shipping wrappingType="Packet" shippingType="Packet" number="12313"/><Shipping wrappingType="Packet" shippingType="Packet" number="121CA1"/></Delivery> to file
2023-03-25 22:56:55.277 [main] INFO  pl.dmuszynski.oxmmapper.XmlConverter - Create converter for class: class pl.dmuszynski.oxmmapper.samples.Delivery
2023-03-25 22:56:55.308 [main] INFO  pl.dmuszynski.oxmmapper.serializer.XmlSerializer - Create serializer for class: class pl.dmuszynski.oxmmapper.samples.Delivery
2023-03-25 22:56:55.308 [main] DEBUG pl.dmuszynski.oxmmapper.context.ElementContext - Load context for class: class pl.dmuszynski.oxmmapper.samples.Delivery
2023-03-25 22:56:55.355 [main] DEBUG pl.dmuszynski.oxmmapper.context.ElementContext - Load context for class: class pl.dmuszynski.oxmmapper.samples.Courier
2023-03-25 22:56:55.355 [main] DEBUG pl.dmuszynski.oxmmapper.context.ElementContext - Load context for class: class pl.dmuszynski.oxmmapper.samples.Address
2023-03-25 22:56:55.370 [main] DEBUG pl.dmuszynski.oxmmapper.context.ElementContext - Load context for class: class pl.dmuszynski.oxmmapper.samples.Vehicle
2023-03-25 22:56:55.370 [main] DEBUG pl.dmuszynski.oxmmapper.context.ElementContext - Load context for class: class pl.dmuszynski.oxmmapper.samples.Address
2023-03-25 22:56:55.370 [main] DEBUG pl.dmuszynski.oxmmapper.context.ElementContext - Load context for class: class pl.dmuszynski.oxmmapper.samples.Shipping
2023-03-25 22:56:55.402 [main] DEBUG pl.dmuszynski.oxmmapper.serializer.XmlSerializer - Serialize object: Delivery(shippingList=[Shipping(number=121CA1, shippingType=Packet, wrappingType=Packet), Shipping(number=12313, shippingType=Packet, wrappingType=Packet)], receiverAddress=Address(houseNumber=11, streetAddress=Główna, city=Wrocław, zipCode=12-100), senderAddress=Address(houseNumber=13, streetAddress=Nowa, city=Warszawa, zipCode=00-010), courier=Courier(super=Person(address=Address(houseNumber=9, streetAddress=Warszawska, city=Kielce, zipCode=11-300), name=Jan, surname=Kowalski, phone=733254732, dateOfBirth=1954-08-14), vehicle=Vehicle(model=A4, brand=Audi, licenseNumber=123TJE)), shipmentTime=2023-03-25T01:00, deliveryTime=2023-03-25T22:56:55.277175200) to: C:\Users\dmusz\OneDrive\Pulpit
2023-03-25 22:56:55.402 [main] DEBUG pl.dmuszynski.oxmmapper.serializer.XmlSerializer - Generate xml element for object: Delivery(shippingList=[Shipping(number=121CA1, shippingType=Packet, wrappingType=Packet), Shipping(number=12313, shippingType=Packet, wrappingType=Packet)], receiverAddress=Address(houseNumber=11, streetAddress=Główna, city=Wrocław, zipCode=12-100), senderAddress=Address(houseNumber=13, streetAddress=Nowa, city=Warszawa, zipCode=00-010), courier=Courier(super=Person(address=Address(houseNumber=9, streetAddress=Warszawska, city=Kielce, zipCode=11-300), name=Jan, surname=Kowalski, phone=733254732, dateOfBirth=1954-08-14), vehicle=Vehicle(model=A4, brand=Audi, licenseNumber=123TJE)), shipmentTime=2023-03-25T01:00, deliveryTime=2023-03-25T22:56:55.277175200)
2023-03-25 22:56:55.433 [main] DEBUG pl.dmuszynski.oxmmapper.serializer.XmlSerializer - Generate xml element for object: Courier(super=Person(address=Address(houseNumber=9, streetAddress=Warszawska, city=Kielce, zipCode=11-300), name=Jan, surname=Kowalski, phone=733254732, dateOfBirth=1954-08-14), vehicle=Vehicle(model=A4, brand=Audi, licenseNumber=123TJE))
2023-03-25 22:56:55.464 [main] DEBUG pl.dmuszynski.oxmmapper.serializer.XmlSerializer - Generate xml element for object: Address(houseNumber=9, streetAddress=Warszawska, city=Kielce, zipCode=11-300)
2023-03-25 22:56:55.464 [main] DEBUG pl.dmuszynski.oxmmapper.serializer.XmlSerializer - Generate xml element for object: Vehicle(model=A4, brand=Audi, licenseNumber=123TJE)
2023-03-25 22:56:55.464 [main] DEBUG pl.dmuszynski.oxmmapper.serializer.XmlSerializer - Generate xml element for object: Address(houseNumber=13, streetAddress=Nowa, city=Warszawa, zipCode=00-010)
2023-03-25 22:56:55.464 [main] DEBUG pl.dmuszynski.oxmmapper.serializer.XmlSerializer - Generate xml element for object: Address(houseNumber=11, streetAddress=Główna, city=Wrocław, zipCode=12-100)
2023-03-25 22:56:55.464 [main] DEBUG pl.dmuszynski.oxmmapper.serializer.XmlSerializer - Generate xml element for object: Shipping(number=12313, shippingType=Packet, wrappingType=Packet)
2023-03-25 22:56:55.464 [main] DEBUG pl.dmuszynski.oxmmapper.serializer.XmlSerializer - Generate xml element for object: Shipping(number=121CA1, shippingType=Packet, wrappingType=Packet)
2023-03-25 22:56:55.464 [main] DEBUG pl.dmuszynski.oxmmapper.serializer.XmlSerializer - Write xml element: <?xml version="1.0" encoding="UTF-8"?><Delivery><Courier name="Jan" surname="Kowalski" phone="733254732" dateOfBirth="14 Aug 1954"><Address zipCode="11-300" city="Kielce" streetAddress="Warszawska"><houseNumber>9</houseNumber></Address><Vehicle licenseNumber="123TJE" brand="Audi" model="A4"/></Courier><Address zipCode="00-010" city="Warszawa" streetAddress="Nowa"><houseNumber>13</houseNumber></Address><Address zipCode="12-100" city="Wrocław" streetAddress="Główna"><houseNumber>11</houseNumber></Address><Shipping wrappingType="Packet" shippingType="Packet" number="12313"/><Shipping wrappingType="Packet" shippingType="Packet" number="121CA1"/></Delivery> to file
2023-03-25 23:00:20.592 [main] INFO  pl.dmuszynski.oxmmapper.XmlConverter - Create converter for class: class pl.dmuszynski.oxmmapper.samples.Delivery
2023-03-25 23:00:20.603 [main] INFO  pl.dmuszynski.oxmmapper.serializer.XmlSerializer - Create serializer for class: class pl.dmuszynski.oxmmapper.samples.Delivery
2023-03-25 23:00:20.608 [main] DEBUG pl.dmuszynski.oxmmapper.context.ElementContext - Load context for class: class pl.dmuszynski.oxmmapper.samples.Delivery
2023-03-25 23:00:20.655 [main] DEBUG pl.dmuszynski.oxmmapper.context.ElementContext - Load context for class: class pl.dmuszynski.oxmmapper.samples.Courier
2023-03-25 23:00:20.659 [main] DEBUG pl.dmuszynski.oxmmapper.context.ElementContext - Load context for class: class pl.dmuszynski.oxmmapper.samples.Address
2023-03-25 23:00:20.668 [main] DEBUG pl.dmuszynski.oxmmapper.context.ElementContext - Load context for class: class pl.dmuszynski.oxmmapper.samples.Vehicle
2023-03-25 23:00:20.669 [main] DEBUG pl.dmuszynski.oxmmapper.context.ElementContext - Load context for class: class pl.dmuszynski.oxmmapper.samples.Address
2023-03-25 23:00:20.671 [main] DEBUG pl.dmuszynski.oxmmapper.context.ElementContext - Load context for class: class pl.dmuszynski.oxmmapper.samples.Shipping
2023-03-25 23:00:20.703 [main] DEBUG pl.dmuszynski.oxmmapper.serializer.XmlSerializer - Serialize object: Delivery(shippingList=[Shipping(number=121CA1, shippingType=Packet, wrappingType=Packet), Shipping(number=12313, shippingType=Packet, wrappingType=Packet)], receiverAddress=Address(houseNumber=11, streetAddress=Główna, city=Wrocław, zipCode=12-100), senderAddress=Address(houseNumber=13, streetAddress=Nowa, city=Warszawa, zipCode=00-010), courier=Courier(super=Person(address=Address(houseNumber=9, streetAddress=Warszawska, city=Kielce, zipCode=11-300), name=Jan, surname=Kowalski, phone=733254732, dateOfBirth=1954-08-14), vehicle=Vehicle(model=A4, brand=Audi, licenseNumber=123TJE)), shipmentTime=2023-03-25T01:00, deliveryTime=2023-03-25T23:00:20.587229600) to: xml
2023-03-25 23:00:20.704 [main] DEBUG pl.dmuszynski.oxmmapper.serializer.XmlSerializer - Generate xml element for object: Delivery(shippingList=[Shipping(number=121CA1, shippingType=Packet, wrappingType=Packet), Shipping(number=12313, shippingType=Packet, wrappingType=Packet)], receiverAddress=Address(houseNumber=11, streetAddress=Główna, city=Wrocław, zipCode=12-100), senderAddress=Address(houseNumber=13, streetAddress=Nowa, city=Warszawa, zipCode=00-010), courier=Courier(super=Person(address=Address(houseNumber=9, streetAddress=Warszawska, city=Kielce, zipCode=11-300), name=Jan, surname=Kowalski, phone=733254732, dateOfBirth=1954-08-14), vehicle=Vehicle(model=A4, brand=Audi, licenseNumber=123TJE)), shipmentTime=2023-03-25T01:00, deliveryTime=2023-03-25T23:00:20.587229600)
2023-03-25 23:00:20.734 [main] DEBUG pl.dmuszynski.oxmmapper.serializer.XmlSerializer - Generate xml element for object: Courier(super=Person(address=Address(houseNumber=9, streetAddress=Warszawska, city=Kielce, zipCode=11-300), name=Jan, surname=Kowalski, phone=733254732, dateOfBirth=1954-08-14), vehicle=Vehicle(model=A4, brand=Audi, licenseNumber=123TJE))
2023-03-25 23:00:20.766 [main] DEBUG pl.dmuszynski.oxmmapper.serializer.XmlSerializer - Generate xml element for object: Address(houseNumber=9, streetAddress=Warszawska, city=Kielce, zipCode=11-300)
2023-03-25 23:00:20.769 [main] DEBUG pl.dmuszynski.oxmmapper.serializer.XmlSerializer - Generate xml element for object: Vehicle(model=A4, brand=Audi, licenseNumber=123TJE)
2023-03-25 23:00:20.772 [main] DEBUG pl.dmuszynski.oxmmapper.serializer.XmlSerializer - Generate xml element for object: Address(houseNumber=13, streetAddress=Nowa, city=Warszawa, zipCode=00-010)
2023-03-25 23:00:20.774 [main] DEBUG pl.dmuszynski.oxmmapper.serializer.XmlSerializer - Generate xml element for object: Address(houseNumber=11, streetAddress=Główna, city=Wrocław, zipCode=12-100)
2023-03-25 23:00:20.779 [main] DEBUG pl.dmuszynski.oxmmapper.serializer.XmlSerializer - Generate xml element for object: Shipping(number=12313, shippingType=Packet, wrappingType=Packet)
2023-03-25 23:00:20.781 [main] DEBUG pl.dmuszynski.oxmmapper.serializer.XmlSerializer - Generate xml element for object: Shipping(number=121CA1, shippingType=Packet, wrappingType=Packet)
2023-03-25 23:00:20.782 [main] DEBUG pl.dmuszynski.oxmmapper.serializer.XmlSerializer - Write xml element: <?xml version="1.0" encoding="UTF-8"?><Delivery><Courier name="Jan" surname="Kowalski" phone="733254732" dateOfBirth="14 Aug 1954"><Address zipCode="11-300" city="Kielce" streetAddress="Warszawska"><houseNumber>9</houseNumber></Address><Vehicle licenseNumber="123TJE" brand="Audi" model="A4"/></Courier><Address zipCode="00-010" city="Warszawa" streetAddress="Nowa"><houseNumber>13</houseNumber></Address><Address zipCode="12-100" city="Wrocław" streetAddress="Główna"><houseNumber>11</houseNumber></Address><Shipping wrappingType="Packet" shippingType="Packet" number="12313"/><Shipping wrappingType="Packet" shippingType="Packet" number="121CA1"/></Delivery> to file
2023-03-25 23:00:20.786 [main] ERROR pl.dmuszynski.oxmmapper.serializer.XmlSerializer - C:\Users\dmusz\OneDrive\Pulpit\Git\oxm-mapper\xml\Delivery_20230325230020.xml
java.nio.file.NoSuchFileException: C:\Users\dmusz\OneDrive\Pulpit\Git\oxm-mapper\xml\Delivery_20230325230020.xml
	at sun.nio.fs.WindowsException.translateToIOException(WindowsException.java:85) ~[?:?]
	at sun.nio.fs.WindowsException.rethrowAsIOException(WindowsException.java:103) ~[?:?]
	at sun.nio.fs.WindowsException.rethrowAsIOException(WindowsException.java:108) ~[?:?]
	at sun.nio.fs.WindowsFileSystemProvider.newByteChannel(WindowsFileSystemProvider.java:236) ~[?:?]
	at java.nio.file.spi.FileSystemProvider.newOutputStream(FileSystemProvider.java:484) ~[?:?]
	at java.nio.file.Files.newOutputStream(Files.java:228) ~[?:?]
	at java.nio.file.Files.write(Files.java:3512) ~[?:?]
	at pl.dmuszynski.oxmmapper.serializer.XmlSerializer.writeToFile(XmlSerializer.java:86) ~[classes/:?]
	at pl.dmuszynski.oxmmapper.serializer.XmlSerializer.writeToFile(XmlSerializer.java:78) [classes/:?]
	at pl.dmuszynski.oxmmapper.serializer.XmlSerializer.serialize(XmlSerializer.java:66) [classes/:?]
	at pl.dmuszynski.oxmmapper.OxmMapperApplication.serializeDelivery(OxmMapperApplication.java:28) [classes/:?]
	at pl.dmuszynski.oxmmapper.OxmMapperApplication.main(OxmMapperApplication.java:21) [classes/:?]
2023-03-25 23:01:41.956 [main] INFO  pl.dmuszynski.oxmmapper.XmlConverter - Create converter for class: class pl.dmuszynski.oxmmapper.samples.Delivery
2023-03-25 23:01:41.964 [main] INFO  pl.dmuszynski.oxmmapper.serializer.XmlSerializer - Create serializer for class: class pl.dmuszynski.oxmmapper.samples.Delivery
2023-03-25 23:01:41.968 [main] DEBUG pl.dmuszynski.oxmmapper.context.ElementContext - Load context for class: class pl.dmuszynski.oxmmapper.samples.Delivery
2023-03-25 23:01:42.020 [main] DEBUG pl.dmuszynski.oxmmapper.context.ElementContext - Load context for class: class pl.dmuszynski.oxmmapper.samples.Courier
2023-03-25 23:01:42.024 [main] DEBUG pl.dmuszynski.oxmmapper.context.ElementContext - Load context for class: class pl.dmuszynski.oxmmapper.samples.Address
2023-03-25 23:01:42.035 [main] DEBUG pl.dmuszynski.oxmmapper.context.ElementContext - Load context for class: class pl.dmuszynski.oxmmapper.samples.Vehicle
2023-03-25 23:01:42.038 [main] DEBUG pl.dmuszynski.oxmmapper.context.ElementContext - Load context for class: class pl.dmuszynski.oxmmapper.samples.Address
2023-03-25 23:01:42.040 [main] DEBUG pl.dmuszynski.oxmmapper.context.ElementContext - Load context for class: class pl.dmuszynski.oxmmapper.samples.Shipping
2023-03-25 23:01:42.079 [main] DEBUG pl.dmuszynski.oxmmapper.serializer.XmlSerializer - Serialize object: Delivery(shippingList=[Shipping(number=121CA1, shippingType=Packet, wrappingType=Packet), Shipping(number=12313, shippingType=Packet, wrappingType=Packet)], receiverAddress=Address(houseNumber=11, streetAddress=Główna, city=Wrocław, zipCode=12-100), senderAddress=Address(houseNumber=13, streetAddress=Nowa, city=Warszawa, zipCode=00-010), courier=Courier(super=Person(address=Address(houseNumber=9, streetAddress=Warszawska, city=Kielce, zipCode=11-300), name=Jan, surname=Kowalski, phone=733254732, dateOfBirth=1954-08-14), vehicle=Vehicle(model=A4, brand=Audi, licenseNumber=123TJE)), shipmentTime=2023-03-25T01:00, deliveryTime=2023-03-25T23:01:41.951611400) to: src/main/resources/xml
2023-03-25 23:01:42.080 [main] DEBUG pl.dmuszynski.oxmmapper.serializer.XmlSerializer - Generate xml element for object: Delivery(shippingList=[Shipping(number=121CA1, shippingType=Packet, wrappingType=Packet), Shipping(number=12313, shippingType=Packet, wrappingType=Packet)], receiverAddress=Address(houseNumber=11, streetAddress=Główna, city=Wrocław, zipCode=12-100), senderAddress=Address(houseNumber=13, streetAddress=Nowa, city=Warszawa, zipCode=00-010), courier=Courier(super=Person(address=Address(houseNumber=9, streetAddress=Warszawska, city=Kielce, zipCode=11-300), name=Jan, surname=Kowalski, phone=733254732, dateOfBirth=1954-08-14), vehicle=Vehicle(model=A4, brand=Audi, licenseNumber=123TJE)), shipmentTime=2023-03-25T01:00, deliveryTime=2023-03-25T23:01:41.951611400)
2023-03-25 23:01:42.109 [main] DEBUG pl.dmuszynski.oxmmapper.serializer.XmlSerializer - Generate xml element for object: Courier(super=Person(address=Address(houseNumber=9, streetAddress=Warszawska, city=Kielce, zipCode=11-300), name=Jan, surname=Kowalski, phone=733254732, dateOfBirth=1954-08-14), vehicle=Vehicle(model=A4, brand=Audi, licenseNumber=123TJE))
2023-03-25 23:01:42.138 [main] DEBUG pl.dmuszynski.oxmmapper.serializer.XmlSerializer - Generate xml element for object: Address(houseNumber=9, streetAddress=Warszawska, city=Kielce, zipCode=11-300)
2023-03-25 23:01:42.141 [main] DEBUG pl.dmuszynski.oxmmapper.serializer.XmlSerializer - Generate xml element for object: Vehicle(model=A4, brand=Audi, licenseNumber=123TJE)
2023-03-25 23:01:42.143 [main] DEBUG pl.dmuszynski.oxmmapper.serializer.XmlSerializer - Generate xml element for object: Address(houseNumber=13, streetAddress=Nowa, city=Warszawa, zipCode=00-010)
2023-03-25 23:01:42.144 [main] DEBUG pl.dmuszynski.oxmmapper.serializer.XmlSerializer - Generate xml element for object: Address(houseNumber=11, streetAddress=Główna, city=Wrocław, zipCode=12-100)
2023-03-25 23:01:42.148 [main] DEBUG pl.dmuszynski.oxmmapper.serializer.XmlSerializer - Generate xml element for object: Shipping(number=12313, shippingType=Packet, wrappingType=Packet)
2023-03-25 23:01:42.149 [main] DEBUG pl.dmuszynski.oxmmapper.serializer.XmlSerializer - Generate xml element for object: Shipping(number=121CA1, shippingType=Packet, wrappingType=Packet)
2023-03-25 23:01:42.151 [main] DEBUG pl.dmuszynski.oxmmapper.serializer.XmlSerializer - Write xml element: <?xml version="1.0" encoding="UTF-8"?><Delivery><Courier name="Jan" surname="Kowalski" phone="733254732" dateOfBirth="14 Aug 1954"><Address zipCode="11-300" city="Kielce" streetAddress="Warszawska"><houseNumber>9</houseNumber></Address><Vehicle licenseNumber="123TJE" brand="Audi" model="A4"/></Courier><Address zipCode="00-010" city="Warszawa" streetAddress="Nowa"><houseNumber>13</houseNumber></Address><Address zipCode="12-100" city="Wrocław" streetAddress="Główna"><houseNumber>11</houseNumber></Address><Shipping wrappingType="Packet" shippingType="Packet" number="12313"/><Shipping wrappingType="Packet" shippingType="Packet" number="121CA1"/></Delivery> to file
