2023-04-15 08:07:12.769 [main] INFO  pl.dmuszynski.oxmmapper.XmlConverter - Create converter for class: class pl.dmuszynski.oxmmapper.samples.Delivery
2023-04-15 08:07:12.833 [main] INFO  pl.dmuszynski.oxmmapper.serializer.XmlSerializer - Create serializer for class: class pl.dmuszynski.oxmmapper.samples.Delivery
2023-04-15 08:07:12.853 [main] DEBUG pl.dmuszynski.oxmmapper.context.ElementContext - Load context for class: class pl.dmuszynski.oxmmapper.samples.Delivery
2023-04-15 08:07:12.921 [main] DEBUG pl.dmuszynski.oxmmapper.context.ElementContext - Load context for class: class pl.dmuszynski.oxmmapper.samples.Courier
2023-04-15 08:07:12.924 [main] DEBUG pl.dmuszynski.oxmmapper.context.ElementContext - Load context for class: class pl.dmuszynski.oxmmapper.samples.Address
2023-04-15 08:07:12.965 [main] DEBUG pl.dmuszynski.oxmmapper.context.ElementContext - Load context for class: class pl.dmuszynski.oxmmapper.samples.Vehicle
2023-04-15 08:07:12.966 [main] DEBUG pl.dmuszynski.oxmmapper.context.ElementContext - Load context for class: class pl.dmuszynski.oxmmapper.samples.Address
2023-04-15 08:07:12.967 [main] DEBUG pl.dmuszynski.oxmmapper.context.ElementContext - Load context for class: class pl.dmuszynski.oxmmapper.samples.Shipping
2023-04-15 08:07:12.986 [main] DEBUG pl.dmuszynski.oxmmapper.serializer.XmlSerializer - Serialize object: Delivery(shippingList=[Shipping(number=121CA1, shippingType=Packet, wrappingType=Packet), Shipping(number=12313, shippingType=Packet, wrappingType=Packet)], receiverAddress=Address(houseNumber=11, streetAddress=Główna, city=Wrocław, zipCode=12-100), senderAddress=Address(houseNumber=13, streetAddress=Nowa, city=Warszawa, zipCode=00-010), courier=Courier(super=Person(address=Address(houseNumber=9, streetAddress=Warszawska, city=Kielce, zipCode=11-300), name=Jan, surname=Kowalski, phone=733254732, dateOfBirth=1954-08-14), vehicle=Vehicle(model=A4, brand=Audi, licenseNumber=123TJE)), shipmentTime=2023-04-15T01:00, deliveryTime=2023-04-15T08:07:12.749690900) to: src/main/resources/xml
2023-04-15 08:07:12.987 [main] DEBUG pl.dmuszynski.oxmmapper.serializer.XmlSerializer - Generate xml element for object: Delivery(shippingList=[Shipping(number=121CA1, shippingType=Packet, wrappingType=Packet), Shipping(number=12313, shippingType=Packet, wrappingType=Packet)], receiverAddress=Address(houseNumber=11, streetAddress=Główna, city=Wrocław, zipCode=12-100), senderAddress=Address(houseNumber=13, streetAddress=Nowa, city=Warszawa, zipCode=00-010), courier=Courier(super=Person(address=Address(houseNumber=9, streetAddress=Warszawska, city=Kielce, zipCode=11-300), name=Jan, surname=Kowalski, phone=733254732, dateOfBirth=1954-08-14), vehicle=Vehicle(model=A4, brand=Audi, licenseNumber=123TJE)), shipmentTime=2023-04-15T01:00, deliveryTime=2023-04-15T08:07:12.749690900)
2023-04-15 08:07:13.017 [main] DEBUG pl.dmuszynski.oxmmapper.serializer.XmlSerializer - Generate xml element for object: Courier(super=Person(address=Address(houseNumber=9, streetAddress=Warszawska, city=Kielce, zipCode=11-300), name=Jan, surname=Kowalski, phone=733254732, dateOfBirth=1954-08-14), vehicle=Vehicle(model=A4, brand=Audi, licenseNumber=123TJE))
2023-04-15 08:07:13.042 [main] DEBUG pl.dmuszynski.oxmmapper.serializer.XmlSerializer - Generate xml element for object: Address(houseNumber=9, streetAddress=Warszawska, city=Kielce, zipCode=11-300)
2023-04-15 08:07:13.044 [main] DEBUG pl.dmuszynski.oxmmapper.serializer.XmlSerializer - Generate xml element for object: Vehicle(model=A4, brand=Audi, licenseNumber=123TJE)
2023-04-15 08:07:13.045 [main] DEBUG pl.dmuszynski.oxmmapper.serializer.XmlSerializer - Generate xml element for object: Address(houseNumber=13, streetAddress=Nowa, city=Warszawa, zipCode=00-010)
2023-04-15 08:07:13.046 [main] DEBUG pl.dmuszynski.oxmmapper.serializer.XmlSerializer - Generate xml element for object: Address(houseNumber=11, streetAddress=Główna, city=Wrocław, zipCode=12-100)
2023-04-15 08:07:13.049 [main] DEBUG pl.dmuszynski.oxmmapper.serializer.XmlSerializer - Generate xml element for object: Shipping(number=12313, shippingType=Packet, wrappingType=Packet)
2023-04-15 08:07:13.050 [main] DEBUG pl.dmuszynski.oxmmapper.serializer.XmlSerializer - Generate xml element for object: Shipping(number=121CA1, shippingType=Packet, wrappingType=Packet)
2023-04-15 08:07:13.052 [main] DEBUG pl.dmuszynski.oxmmapper.serializer.XmlSerializer - Write xml element: <?xml version="1.0" encoding="UTF-8"?><Delivery><Courier name="Jan" surname="Kowalski" phone="733254732" dateOfBirth="14 Aug 1954"><Address zipCode="11-300" city="Kielce" streetAddress="Warszawska"><houseNumber>9</houseNumber></Address><Vehicle licenseNumber="123TJE" brand="Audi" model="A4"/></Courier><Address zipCode="00-010" city="Warszawa" streetAddress="Nowa"><houseNumber>13</houseNumber></Address><Address zipCode="12-100" city="Wrocław" streetAddress="Główna"><houseNumber>11</houseNumber></Address><Shipping wrappingType="Packet" shippingType="Packet" number="12313"/><Shipping wrappingType="Packet" shippingType="Packet" number="121CA1"/></Delivery> to file
2023-04-15 08:23:01.930 [main] INFO  pl.dmuszynski.oxmmapper.XmlConverter - Create converter for class: class pl.dmuszynski.oxmmapper.samples.Delivery
2023-04-15 08:23:01.942 [main] INFO  pl.dmuszynski.oxmmapper.serializer.XmlSerializer - Create serializer for class: class pl.dmuszynski.oxmmapper.samples.Delivery
2023-04-15 08:23:01.945 [main] DEBUG pl.dmuszynski.oxmmapper.context.ElementContext - Load context for class: class pl.dmuszynski.oxmmapper.samples.Delivery
2023-04-15 08:23:01.980 [main] DEBUG pl.dmuszynski.oxmmapper.context.ElementContext - Load context for class: class pl.dmuszynski.oxmmapper.samples.Courier
2023-04-15 08:23:01.983 [main] DEBUG pl.dmuszynski.oxmmapper.context.ElementContext - Load context for class: class pl.dmuszynski.oxmmapper.samples.Address
2023-04-15 08:23:01.990 [main] DEBUG pl.dmuszynski.oxmmapper.context.ElementContext - Load context for class: class pl.dmuszynski.oxmmapper.samples.Vehicle
2023-04-15 08:23:01.991 [main] DEBUG pl.dmuszynski.oxmmapper.context.ElementContext - Load context for class: class pl.dmuszynski.oxmmapper.samples.Address
2023-04-15 08:23:01.993 [main] DEBUG pl.dmuszynski.oxmmapper.context.ElementContext - Load context for class: class pl.dmuszynski.oxmmapper.samples.Shipping
2023-04-15 08:23:02.019 [main] DEBUG pl.dmuszynski.oxmmapper.serializer.XmlSerializer - Serialize object: Delivery(shippingList=[Shipping(number=121CA1, shippingType=Packet, wrappingType=Packet), Shipping(number=12313, shippingType=Packet, wrappingType=Packet)], receiverAddress=Address(houseNumber=11, streetAddress=Główna, city=Wrocław, zipCode=12-100), senderAddress=Address(houseNumber=13, streetAddress=Nowa, city=Warszawa, zipCode=00-010), courier=Courier(super=Person(address=Address(houseNumber=9, streetAddress=Warszawska, city=Kielce, zipCode=11-300), name=Jan, surname=Kowalski, phone=733254732, dateOfBirth=1954-08-14), vehicle=Vehicle(model=A4, brand=Audi, licenseNumber=123TJE)), shipmentTime=2023-04-15T01:00, deliveryTime=2023-04-15T08:23:01.923105900) to: src/main/resources/xml
2023-04-15 08:23:02.020 [main] DEBUG pl.dmuszynski.oxmmapper.serializer.XmlSerializer - Generate xml element for object: Delivery(shippingList=[Shipping(number=121CA1, shippingType=Packet, wrappingType=Packet), Shipping(number=12313, shippingType=Packet, wrappingType=Packet)], receiverAddress=Address(houseNumber=11, streetAddress=Główna, city=Wrocław, zipCode=12-100), senderAddress=Address(houseNumber=13, streetAddress=Nowa, city=Warszawa, zipCode=00-010), courier=Courier(super=Person(address=Address(houseNumber=9, streetAddress=Warszawska, city=Kielce, zipCode=11-300), name=Jan, surname=Kowalski, phone=733254732, dateOfBirth=1954-08-14), vehicle=Vehicle(model=A4, brand=Audi, licenseNumber=123TJE)), shipmentTime=2023-04-15T01:00, deliveryTime=2023-04-15T08:23:01.923105900)
2023-04-15 08:23:02.040 [main] DEBUG pl.dmuszynski.oxmmapper.serializer.XmlSerializer - Generate xml element for object: Courier(super=Person(address=Address(houseNumber=9, streetAddress=Warszawska, city=Kielce, zipCode=11-300), name=Jan, surname=Kowalski, phone=733254732, dateOfBirth=1954-08-14), vehicle=Vehicle(model=A4, brand=Audi, licenseNumber=123TJE))
2023-04-15 08:23:02.062 [main] DEBUG pl.dmuszynski.oxmmapper.serializer.XmlSerializer - Generate xml element for object: Address(houseNumber=9, streetAddress=Warszawska, city=Kielce, zipCode=11-300)
2023-04-15 08:23:02.064 [main] DEBUG pl.dmuszynski.oxmmapper.serializer.XmlSerializer - Generate xml element for object: Vehicle(model=A4, brand=Audi, licenseNumber=123TJE)
2023-04-15 08:23:02.066 [main] DEBUG pl.dmuszynski.oxmmapper.serializer.XmlSerializer - Generate xml element for object: Address(houseNumber=13, streetAddress=Nowa, city=Warszawa, zipCode=00-010)
2023-04-15 08:23:02.067 [main] DEBUG pl.dmuszynski.oxmmapper.serializer.XmlSerializer - Generate xml element for object: Address(houseNumber=11, streetAddress=Główna, city=Wrocław, zipCode=12-100)
2023-04-15 08:23:02.070 [main] DEBUG pl.dmuszynski.oxmmapper.serializer.XmlSerializer - Generate xml element for object: Shipping(number=12313, shippingType=Packet, wrappingType=Packet)
2023-04-15 08:23:02.072 [main] DEBUG pl.dmuszynski.oxmmapper.serializer.XmlSerializer - Generate xml element for object: Shipping(number=121CA1, shippingType=Packet, wrappingType=Packet)
2023-04-15 08:23:02.073 [main] DEBUG pl.dmuszynski.oxmmapper.serializer.XmlSerializer - Write xml element: <?xml version="1.0" encoding="UTF-8"?><Delivery><Courier name="Jan" surname="Kowalski" phone="733254732" dateOfBirth="14 Aug 1954"><Address zipCode="11-300" city="Kielce" streetAddress="Warszawska"><houseNumber>9</houseNumber></Address><Vehicle licenseNumber="123TJE" brand="Audi" model="A4"/></Courier><Address zipCode="00-010" city="Warszawa" streetAddress="Nowa"><houseNumber>13</houseNumber></Address><Address zipCode="12-100" city="Wrocław" streetAddress="Główna"><houseNumber>11</houseNumber></Address><Shipping wrappingType="Packet" shippingType="Packet" number="12313"/><Shipping wrappingType="Packet" shippingType="Packet" number="121CA1"/></Delivery> to file
